
##teamcity[testCount count='1200' flowId='15668']

##teamcity[testSuiteStarted name='C:\Users\Gaser\Desktop\COPRRA\phpunit.xml' flowId='15668']

##teamcity[testSuiteStarted name='Feature' flowId='15668']

##teamcity[testSuiteStarted name='Tests\Feature\Services\QualityAnalysisServiceTest' locationHint='php_qn://C:\Users\Gaser\Desktop\COPRRA\tests\Feature\Services\QualityAnalysisServiceTest.php::\Tests\Feature\Services\QualityAnalysisServiceTest' flowId='15668']

##teamcity[testStarted name='testReturnsValidScoreRange' locationHint='php_qn://C:\Users\Gaser\Desktop\COPRRA\tests\Feature\Services\QualityAnalysisServiceTest.php::\Tests\Feature\Services\QualityAnalysisServiceTest::testReturnsValidScoreRange' flowId='15668']

##teamcity[testFinished name='testReturnsValidScoreRange' duration='647' flowId='15668']

##teamcity[testStarted name='testHandlesAnalysisException' locationHint='php_qn://C:\Users\Gaser\Desktop\COPRRA\tests\Feature\Services\QualityAnalysisServiceTest.php::\Tests\Feature\Services\QualityAnalysisServiceTest::testHandlesAnalysisException' flowId='15668']

##teamcity[testFinished name='testHandlesAnalysisException' duration='7' flowId='15668']

##teamcity[testStarted name='testAnalyzesCodeQuality' locationHint='php_qn://C:\Users\Gaser\Desktop\COPRRA\tests\Feature\Services\QualityAnalysisServiceTest.php::\Tests\Feature\Services\QualityAnalysisServiceTest::testAnalyzesCodeQuality' flowId='15668']

##teamcity[testFinished name='testAnalyzesCodeQuality' duration='41' flowId='15668']

##teamcity[testStarted name='testReturnsCodeQualityCategory' locationHint='php_qn://C:\Users\Gaser\Desktop\COPRRA\tests\Feature\Services\QualityAnalysisServiceTest.php::\Tests\Feature\Services\QualityAnalysisServiceTest::testReturnsCodeQualityCategory' flowId='15668']

##teamcity[testFinished name='testReturnsCodeQualityCategory' duration='9' flowId='15668']

##teamcity[testSuiteFinished name='Tests\Feature\Services\QualityAnalysisServiceTest' flowId='15668']

##teamcity[testSuiteStarted name='Tests\Feature\Http\Middleware\SetLocaleAndCurrencyTest' locationHint='php_qn://C:\Users\Gaser\Desktop\COPRRA\tests\Feature\Http\Middleware\SetLocaleAndCurrencyTest.php::\Tests\Feature\Http\Middleware\SetLocaleAndCurrencyTest' flowId='15668']

##teamcity[testStarted name='testSetLocaleAndCurrencyMiddlewareSetsLocaleAndCurrency' locationHint='php_qn://C:\Users\Gaser\Desktop\COPRRA\tests\Feature\Http\Middleware\SetLocaleAndCurrencyTest.php::\Tests\Feature\Http\Middleware\SetLocaleAndCurrencyTest::testSetLocaleAndCurrencyMiddlewareSetsLocaleAndCurrency' flowId='15668']

##teamcity[testFailed name='testSetLocaleAndCurrencyMiddlewareSetsLocaleAndCurrency' message='Illuminate\Contracts\Container\BindingResolutionException: Target class |[config|] does not exist.' details='C:\Users\Gaser\Desktop\COPRRA\vendor\laravel\framework\src\Illuminate\Container\Container.php:959|nC:\Users\Gaser\Desktop\COPRRA\vendor\laravel\framework\src\Illuminate\Container\Container.php:832|nC:\Users\Gaser\Desktop\COPRRA\vendor\laravel\framework\src\Illuminate\Foundation\Application.php:1078|nC:\Users\Gaser\Desktop\COPRRA\vendor\laravel\framework\src\Illuminate\Container\Container.php:763|nC:\Users\Gaser\Desktop\COPRRA\vendor\laravel\framework\src\Illuminate\Foundation\Application.php:1058|nC:\Users\Gaser\Desktop\COPRRA\vendor\laravel\framework\src\Illuminate\Container\Container.php:1580|nC:\Users\Gaser\Desktop\COPRRA\tests\EnhancedTestIsolation.php:701|nC:\Users\Gaser\Desktop\COPRRA\tests\EnhancedTestIsolation.php:805|nC:\Users\Gaser\Desktop\COPRRA\tests\TestCase.php:135|nC:\Users\Gaser\Desktop\COPRRA\tests\SafeMiddlewareTestBase.php:70|n|nCaused by|nReflectionException: Class "config" does not exist|n|nC:\Users\Gaser\Desktop\COPRRA\vendor\laravel\framework\src\Illuminate\Container\Container.php:959|nC:\Users\Gaser\Desktop\COPRRA\vendor\laravel\framework\src\Illuminate\Container\Container.php:832|nC:\Users\Gaser\Desktop\COPRRA\vendor\laravel\framework\src\Illuminate\Foundation\Application.php:1078|nC:\Users\Gaser\Desktop\COPRRA\vendor\laravel\framework\src\Illuminate\Container\Container.php:763|nC:\Users\Gaser\Desktop\COPRRA\vendor\laravel\framework\src\Illuminate\Foundation\Application.php:1058|nC:\Users\Gaser\Desktop\COPRRA\vendor\laravel\framework\src\Illuminate\Container\Container.php:1580|nC:\Users\Gaser\Desktop\COPRRA\tests\EnhancedTestIsolation.php:701|nC:\Users\Gaser\Desktop\COPRRA\tests\EnhancedTestIsolation.php:805|nC:\Users\Gaser\Desktop\COPRRA\tests\TestCase.php:135|nC:\Users\Gaser\Desktop\COPRRA\tests\SafeMiddlewareTestBase.php:70|n' duration='63' flowId='15668']

##teamcity[testFinished name='testSetLocaleAndCurrencyMiddlewareSetsLocaleAndCurrency' duration='71' flowId='15668']

##teamcity[testStarted name='testSetLocaleAndCurrencyMiddlewareHandlesDefaultValues' locationHint='php_qn://C:\Users\Gaser\Desktop\COPRRA\tests\Feature\Http\Middleware\SetLocaleAndCurrencyTest.php::\Tests\Feature\Http\Middleware\SetLocaleAndCurrencyTest::testSetLocaleAndCurrencyMiddlewareHandlesDefaultValues' flowId='15668']

##teamcity[testFailed name='testSetLocaleAndCurrencyMiddlewareHandlesDefaultValues' message='Illuminate\Contracts\Container\BindingResolutionException: Target class |[config|] does not exist.' details='C:\Users\Gaser\Desktop\COPRRA\vendor\laravel\framework\src\Illuminate\Container\Container.php:959|nC:\Users\Gaser\Desktop\COPRRA\vendor\laravel\framework\src\Illuminate\Container\Container.php:832|nC:\Users\Gaser\Desktop\COPRRA\vendor\laravel\framework\src\Illuminate\Foundation\Application.php:1078|nC:\Users\Gaser\Desktop\COPRRA\vendor\laravel\framework\src\Illuminate\Container\Container.php:763|nC:\Users\Gaser\Desktop\COPRRA\vendor\laravel\framework\src\Illuminate\Foundation\Application.php:1058|nC:\Users\Gaser\Desktop\COPRRA\vendor\laravel\framework\src\Illuminate\Container\Container.php:1580|nC:\Users\Gaser\Desktop\COPRRA\tests\EnhancedTestIsolation.php:701|nC:\Users\Gaser\Desktop\COPRRA\tests\EnhancedTestIsolation.php:805|nC:\Users\Gaser\Desktop\COPRRA\tests\TestCase.php:135|nC:\Users\Gaser\Desktop\COPRRA\tests\SafeMiddlewareTestBase.php:70|n|nCaused by|nReflectionException: Class "config" does not exist|n|nC:\Users\Gaser\Desktop\COPRRA\vendor\laravel\framework\src\Illuminate\Container\Container.php:959|nC:\Users\Gaser\Desktop\COPRRA\vendor\laravel\framework\src\Illuminate\Container\Container.php:832|nC:\Users\Gaser\Desktop\COPRRA\vendor\laravel\framework\src\Illuminate\Foundation\Application.php:1078|nC:\Users\Gaser\Desktop\COPRRA\vendor\laravel\framework\src\Illuminate\Container\Container.php:763|nC:\Users\Gaser\Desktop\COPRRA\vendor\laravel\framework\src\Illuminate\Foundation\Application.php:1058|nC:\Users\Gaser\Desktop\COPRRA\vendor\laravel\framework\src\Illuminate\Container\Container.php:1580|nC:\Users\Gaser\Desktop\COPRRA\tests\EnhancedTestIsolation.php:701|nC:\Users\Gaser\Desktop\COPRRA\tests\EnhancedTestIsolation.php:805|nC:\Users\Gaser\Desktop\COPRRA\tests\TestCase.php:135|nC:\Users\Gaser\Desktop\COPRRA\tests\SafeMiddlewareTestBase.php:70|n' duration='66' flowId='15668']

##teamcity[testFinished name='testSetLocaleAndCurrencyMiddlewareHandlesDefaultValues' duration='71' flowId='15668']

##teamcity[testStarted name='testSetLocaleAndCurrencyMiddlewareHandlesCookieValues' locationHint='php_qn://C:\Users\Gaser\Desktop\COPRRA\tests\Feature\Http\Middleware\SetLocaleAndCurrencyTest.php::\Tests\Feature\Http\Middleware\SetLocaleAndCurrencyTest::testSetLocaleAndCurrencyMiddlewareHandlesCookieValues' flowId='15668']

##teamcity[testFailed name='testSetLocaleAndCurrencyMiddlewareHandlesCookieValues' message='Illuminate\Contracts\Container\BindingResolutionException: Target class |[config|] does not exist.' details='C:\Users\Gaser\Desktop\COPRRA\vendor\laravel\framework\src\Illuminate\Container\Container.php:959|nC:\Users\Gaser\Desktop\COPRRA\vendor\laravel\framework\src\Illuminate\Container\Container.php:832|nC:\Users\Gaser\Desktop\COPRRA\vendor\laravel\framework\src\Illuminate\Foundation\Application.php:1078|nC:\Users\Gaser\Desktop\COPRRA\vendor\laravel\framework\src\Illuminate\Container\Container.php:763|nC:\Users\Gaser\Desktop\COPRRA\vendor\laravel\framework\src\Illuminate\Foundation\Application.php:1058|nC:\Users\Gaser\Desktop\COPRRA\vendor\laravel\framework\src\Illuminate\Container\Container.php:1580|nC:\Users\Gaser\Desktop\COPRRA\tests\EnhancedTestIsolation.php:701|nC:\Users\Gaser\Desktop\COPRRA\tests\EnhancedTestIsolation.php:805|nC:\Users\Gaser\Desktop\COPRRA\tests\TestCase.php:135|nC:\Users\Gaser\Desktop\COPRRA\tests\SafeMiddlewareTestBase.php:70|n|nCaused by|nReflectionException: Class "config" does not exist|n|nC:\Users\Gaser\Desktop\COPRRA\vendor\laravel\framework\src\Illuminate\Container\Container.php:959|nC:\Users\Gaser\Desktop\COPRRA\vendor\laravel\framework\src\Illuminate\Container\Container.php:832|nC:\Users\Gaser\Desktop\COPRRA\vendor\laravel\framework\src\Illuminate\Foundation\Application.php:1078|nC:\Users\Gaser\Desktop\COPRRA\vendor\laravel\framework\src\Illuminate\Container\Container.php:763|nC:\Users\Gaser\Desktop\COPRRA\vendor\laravel\framework\src\Illuminate\Foundation\Application.php:1058|nC:\Users\Gaser\Desktop\COPRRA\vendor\laravel\framework\src\Illuminate\Container\Container.php:1580|nC:\Users\Gaser\Desktop\COPRRA\tests\EnhancedTestIsolation.php:701|nC:\Users\Gaser\Desktop\COPRRA\tests\EnhancedTestIsolation.php:805|nC:\Users\Gaser\Desktop\COPRRA\tests\TestCase.php:135|nC:\Users\Gaser\Desktop\COPRRA\tests\SafeMiddlewareTestBase.php:70|n' duration='28' flowId='15668']

##teamcity[testFinished name='testSetLocaleAndCurrencyMiddlewareHandlesCookieValues' duration='31' flowId='15668']

##teamcity[testStarted name='testSetLocaleAndCurrencyMiddlewareHandlesSessionValues' locationHint='php_qn://C:\Users\Gaser\Desktop\COPRRA\tests\Feature\Http\Middleware\SetLocaleAndCurrencyTest.php::\Tests\Feature\Http\Middleware\SetLocaleAndCurrencyTest::testSetLocaleAndCurrencyMiddlewareHandlesSessionValues' flowId='15668']

##teamcity[testFailed name='testSetLocaleAndCurrencyMiddlewareHandlesSessionValues' message='Illuminate\Contracts\Container\BindingResolutionException: Target class |[config|] does not exist.' details='C:\Users\Gaser\Desktop\COPRRA\vendor\laravel\framework\src\Illuminate\Container\Container.php:959|nC:\Users\Gaser\Desktop\COPRRA\vendor\laravel\framework\src\Illuminate\Container\Container.php:832|nC:\Users\Gaser\Desktop\COPRRA\vendor\laravel\framework\src\Illuminate\Foundation\Application.php:1078|nC:\Users\Gaser\Desktop\COPRRA\vendor\laravel\framework\src\Illuminate\Container\Container.php:763|nC:\Users\Gaser\Desktop\COPRRA\vendor\laravel\framework\src\Illuminate\Foundation\Application.php:1058|nC:\Users\Gaser\Desktop\COPRRA\vendor\laravel\framework\src\Illuminate\Container\Container.php:1580|nC:\Users\Gaser\Desktop\COPRRA\tests\EnhancedTestIsolation.php:701|nC:\Users\Gaser\Desktop\COPRRA\tests\EnhancedTestIsolation.php:805|nC:\Users\Gaser\Desktop\COPRRA\tests\TestCase.php:135|nC:\Users\Gaser\Desktop\COPRRA\tests\SafeMiddlewareTestBase.php:70|n|nCaused by|nReflectionException: Class "config" does not exist|n|nC:\Users\Gaser\Desktop\COPRRA\vendor\laravel\framework\src\Illuminate\Container\Container.php:959|nC:\Users\Gaser\Desktop\COPRRA\vendor\laravel\framework\src\Illuminate\Container\Container.php:832|nC:\Users\Gaser\Desktop\COPRRA\vendor\laravel\framework\src\Illuminate\Foundation\Application.php:1078|nC:\Users\Gaser\Desktop\COPRRA\vendor\laravel\framework\src\Illuminate\Container\Container.php:763|nC:\Users\Gaser\Desktop\COPRRA\vendor\laravel\framework\src\Illuminate\Foundation\Application.php:1058|nC:\Users\Gaser\Desktop\COPRRA\vendor\laravel\framework\src\Illuminate\Container\Container.php:1580|nC:\Users\Gaser\Desktop\COPRRA\tests\EnhancedTestIsolation.php:701|nC:\Users\Gaser\Desktop\COPRRA\tests\EnhancedTestIsolation.php:805|nC:\Users\Gaser\Desktop\COPRRA\tests\TestCase.php:135|nC:\Users\Gaser\Desktop\COPRRA\tests\SafeMiddlewareTestBase.php:70|n' duration='387' flowId='15668']

##teamcity[testFinished name='testSetLocaleAndCurrencyMiddlewareHandlesSessionValues' duration='391' flowId='15668']

##teamcity[testStarted name='testSetLocaleAndCurrencyMiddlewareHandlesPostRequests' locationHint='php_qn://C:\Users\Gaser\Desktop\COPRRA\tests\Feature\Http\Middleware\SetLocaleAndCurrencyTest.php::\Tests\Feature\Http\Middleware\SetLocaleAndCurrencyTest::testSetLocaleAndCurrencyMiddlewareHandlesPostRequests' flowId='15668']

##teamcity[testFailed name='testSetLocaleAndCurrencyMiddlewareHandlesPostRequests' message='Illuminate\Contracts\Container\BindingResolutionException: Target class |[config|] does not exist.' details='C:\Users\Gaser\Desktop\COPRRA\vendor\laravel\framework\src\Illuminate\Container\Container.php:959|nC:\Users\Gaser\Desktop\COPRRA\vendor\laravel\framework\src\Illuminate\Container\Container.php:832|nC:\Users\Gaser\Desktop\COPRRA\vendor\laravel\framework\src\Illuminate\Foundation\Application.php:1078|nC:\Users\Gaser\Desktop\COPRRA\vendor\laravel\framework\src\Illuminate\Container\Container.php:763|nC:\Users\Gaser\Desktop\COPRRA\vendor\laravel\framework\src\Illuminate\Foundation\Application.php:1058|nC:\Users\Gaser\Desktop\COPRRA\vendor\laravel\framework\src\Illuminate\Container\Container.php:1580|nC:\Users\Gaser\Desktop\COPRRA\tests\EnhancedTestIsolation.php:701|nC:\Users\Gaser\Desktop\COPRRA\tests\EnhancedTestIsolation.php:805|nC:\Users\Gaser\Desktop\COPRRA\tests\TestCase.php:135|nC:\Users\Gaser\Desktop\COPRRA\tests\SafeMiddlewareTestBase.php:70|n|nCaused by|nReflectionException: Class "config" does not exist|n|nC:\Users\Gaser\Desktop\COPRRA\vendor\laravel\framework\src\Illuminate\Container\Container.php:959|nC:\Users\Gaser\Desktop\COPRRA\vendor\laravel\framework\src\Illuminate\Container\Container.php:832|nC:\Users\Gaser\Desktop\COPRRA\vendor\laravel\framework\src\Illuminate\Foundation\Application.php:1078|nC:\Users\Gaser\Desktop\COPRRA\vendor\laravel\framework\src\Illuminate\Container\Container.php:763|nC:\Users\Gaser\Desktop\COPRRA\vendor\laravel\framework\src\Illuminate\Foundation\Application.php:1058|nC:\Users\Gaser\Desktop\COPRRA\vendor\laravel\framework\src\Illuminate\Container\Container.php:1580|nC:\Users\Gaser\Desktop\COPRRA\tests\EnhancedTestIsolation.php:701|nC:\Users\Gaser\Desktop\COPRRA\tests\EnhancedTestIsolation.php:805|nC:\Users\Gaser\Desktop\COPRRA\tests\TestCase.php:135|nC:\Users\Gaser\Desktop\COPRRA\tests\SafeMiddlewareTestBase.php:70|n' duration='30' flowId='15668']

##teamcity[testFinished name='testSetLocaleAndCurrencyMiddlewareHandlesPostRequests' duration='34' flowId='15668']

##teamcity[testSuiteFinished name='Tests\Feature\Http\Middleware\SetLocaleAndCurrencyTest' flowId='15668']

##teamcity[testSuiteStarted name='Tests\Feature\Services\PaymentServiceTest' locationHint='php_qn://C:\Users\Gaser\Desktop\COPRRA\tests\Feature\Services\PaymentServiceTest.php::\Tests\Feature\Services\PaymentServiceTest' flowId='15668']

##teamcity[testStarted name='itRefundsStripePaymentSuccessfully' locationHint='php_qn://C:\Users\Gaser\Desktop\COPRRA\tests\Feature\Services\PaymentServiceTest.php::\Tests\Feature\Services\PaymentServiceTest::itRefundsStripePaymentSuccessfully' flowId='15668']

##teamcity[testFinished name='itRefundsStripePaymentSuccessfully' duration='2394' flowId='15668']

##teamcity[testStarted name='itHandlesPayPalPaymentFailure' locationHint='php_qn://C:\Users\Gaser\Desktop\COPRRA\tests\Feature\Services\PaymentServiceTest.php::\Tests\Feature\Services\PaymentServiceTest::itHandlesPayPalPaymentFailure' flowId='15668']

##teamcity[testFinished name='itHandlesPayPalPaymentFailure' duration='217' flowId='15668']

##teamcity[testStarted name='itHandlesStripePaymentFailure' locationHint='php_qn://C:\Users\Gaser\Desktop\COPRRA\tests\Feature\Services\PaymentServiceTest.php::\Tests\Feature\Services\PaymentServiceTest::itHandlesStripePaymentFailure' flowId='15668']

##teamcity[testFailed name='itHandlesStripePaymentFailure' message='Failed asserting that App\Enums\OrderStatus Enum #23224 (PENDING, |'pending|') is identical to |'pending|'.' details='C:\Users\Gaser\Desktop\COPRRA\tests\Feature\Services\PaymentServiceTest.php:142|n' duration='266' flowId='15668']

##teamcity[testFinished name='itHandlesStripePaymentFailure' duration='275' flowId='15668']

##teamcity[testStarted name='itHandlesZeroAmountPayment' locationHint='php_qn://C:\Users\Gaser\Desktop\COPRRA\tests\Feature\Services\PaymentServiceTest.php::\Tests\Feature\Services\PaymentServiceTest::itHandlesZeroAmountPayment' flowId='15668']

##teamcity[testFailed name='itHandlesZeroAmountPayment' message='Failed asserting that |'0.00|' is identical to 0.0.' details='C:\Users\Gaser\Desktop\COPRRA\tests\Feature\Services\PaymentServiceTest.php:420|n' duration='76' flowId='15668']

##teamcity[testFinished name='itHandlesZeroAmountPayment' duration='91' flowId='15668']

##teamcity[testStarted name='itHandlesPayPalRefundPlaceholder' locationHint='php_qn://C:\Users\Gaser\Desktop\COPRRA\tests\Feature\Services\PaymentServiceTest.php::\Tests\Feature\Services\PaymentServiceTest::itHandlesPayPalRefundPlaceholder' flowId='15668']

##teamcity[testFinished name='itHandlesPayPalRefundPlaceholder' duration='16' flowId='15668']

##teamcity[testStarted name='itHandlesMissingPaymentMethodDuringRefund' locationHint='php_qn://C:\Users\Gaser\Desktop\COPRRA\tests\Feature\Services\PaymentServiceTest.php::\Tests\Feature\Services\PaymentServiceTest::itHandlesMissingPaymentMethodDuringRefund' flowId='15668']

##teamcity[testFailed name='itHandlesMissingPaymentMethodDuringRefund' message='Illuminate\Database\QueryException: SQLSTATE|[23000|]: Integrity constraint violation: 19 FOREIGN KEY constraint failed (Connection: sqlite, SQL: insert into "payments" ("order_id", "amount", "currency", "status", "method", "transaction_id", "gateway", "metadata", "payment_method_id", "updated_at", "created_at") values (1, 50, USD, completed, credit_card, 51436465-455d-3b12-8f29-8bddcb44aa03, paypal, {"test":true}, 99999, 2025-11-04 17:03:25, 2025-11-04 17:03:25))' details='C:\Users\Gaser\Desktop\COPRRA\vendor\laravel\framework\src\Illuminate\Database\Connection.php:571|nC:\Users\Gaser\Desktop\COPRRA\vendor\laravel\framework\src\Illuminate\Database\Connection.php:812|nC:\Users\Gaser\Desktop\COPRRA\vendor\laravel\framework\src\Illuminate\Database\Connection.php:779|nC:\Users\Gaser\Desktop\COPRRA\vendor\laravel\framework\src\Illuminate\Database\Connection.php:560|nC:\Users\Gaser\Desktop\COPRRA\vendor\laravel\framework\src\Illuminate\Database\Connection.php:524|nC:\Users\Gaser\Desktop\COPRRA\vendor\laravel\framework\src\Illuminate\Database\Query\Processors\Processor.php:32|nC:\Users\Gaser\Desktop\COPRRA\vendor\laravel\framework\src\Illuminate\Database\Query\Builder.php:3766|nC:\Users\Gaser\Desktop\COPRRA\vendor\laravel\framework\src\Illuminate\Database\Eloquent\Builder.php:2120|nC:\Users\Gaser\Desktop\COPRRA\vendor\laravel\framework\src\Illuminate\Database\Eloquent\Model.php:1359|nC:\Users\Gaser\Desktop\COPRRA\vendor\laravel\framework\src\Illuminate\Database\Eloquent\Model.php:1324|nC:\Users\Gaser\Desktop\COPRRA\vendor\laravel\framework\src\Illuminate\Database\Eloquent\Model.php:1163|nC:\Users\Gaser\Desktop\COPRRA\vendor\laravel\framework\src\Illuminate\Database\Eloquent\Factories\Factory.php:352|nC:\Users\Gaser\Desktop\COPRRA\vendor\laravel\framework\src\Illuminate\Collections\Traits\EnumeratesValues.php:261|nC:\Users\Gaser\Desktop\COPRRA\vendor\laravel\framework\src\Illuminate\Database\Eloquent\Factories\Factory.php:347|nC:\Users\Gaser\Desktop\COPRRA\vendor\laravel\framework\src\Illuminate\Database\Eloquent\Factories\Factory.php:303|nC:\Users\Gaser\Desktop\COPRRA\vendor\laravel\framework\src\Illuminate\Database\Eloquent\Factories\Factory.php:297|nC:\Users\Gaser\Desktop\COPRRA\tests\Feature\Services\PaymentServiceTest.php:328|n|nCaused by|nPDOException: SQLSTATE|[23000|]: Integrity constraint violation: 19 FOREIGN KEY constraint failed|n|nC:\Users\Gaser\Desktop\COPRRA\vendor\laravel\framework\src\Illuminate\Database\Connection.php:571|nC:\Users\Gaser\Desktop\COPRRA\vendor\laravel\framework\src\Illuminate\Database\Connection.php:812|nC:\Users\Gaser\Desktop\COPRRA\vendor\laravel\framework\src\Illuminate\Database\Connection.php:779|nC:\Users\Gaser\Desktop\COPRRA\vendor\laravel\framework\src\Illuminate\Database\Connection.php:560|nC:\Users\Gaser\Desktop\COPRRA\vendor\laravel\framework\src\Illuminate\Database\Connection.php:524|nC:\Users\Gaser\Desktop\COPRRA\vendor\laravel\framework\src\Illuminate\Database\Query\Processors\Processor.php:32|nC:\Users\Gaser\Desktop\COPRRA\vendor\laravel\framework\src\Illuminate\Database\Query\Builder.php:3766|nC:\Users\Gaser\Desktop\COPRRA\vendor\laravel\framework\src\Illuminate\Database\Eloquent\Builder.php:2120|nC:\Users\Gaser\Desktop\COPRRA\vendor\laravel\framework\src\Illuminate\Database\Eloquent\Model.php:1359|nC:\Users\Gaser\Desktop\COPRRA\vendor\laravel\framework\src\Illuminate\Database\Eloquent\Model.php:1324|nC:\Users\Gaser\Desktop\COPRRA\vendor\laravel\framework\src\Illuminate\Database\Eloquent\Model.php:1163|nC:\Users\Gaser\Desktop\COPRRA\vendor\laravel\framework\src\Illuminate\Database\Eloquent\Factories\Factory.php:352|nC:\Users\Gaser\Desktop\COPRRA\vendor\laravel\framework\src\Illuminate\Collections\Traits\EnumeratesValues.php:261|nC:\Users\Gaser\Desktop\COPRRA\vendor\laravel\framework\src\Illuminate\Database\Eloquent\Factories\Factory.php:347|nC:\Users\Gaser\Desktop\COPRRA\vendor\laravel\framework\src\Illuminate\Database\Eloquent\Factories\Factory.php:303|nC:\Users\Gaser\Desktop\COPRRA\vendor\laravel\framework\src\Illuminate\Database\Eloquent\Factories\Factory.php:297|nC:\Users\Gaser\Desktop\COPRRA\tests\Feature\Services\PaymentServiceTest.php:328|n' duration='21' flowId='15668']

##teamcity[testFinished name='itHandlesMissingPaymentMethodDuringRefund' duration='110' flowId='15668']

##teamcity[testStarted name='itHandlesPayPalNonArrayResponse' locationHint='php_qn://C:\Users\Gaser\Desktop\COPRRA\tests\Feature\Services\PaymentServiceTest.php::\Tests\Feature\Services\PaymentServiceTest::itHandlesPayPalNonArrayResponse' flowId='15668']

##teamcity[testFinished name='itHandlesPayPalNonArrayResponse' duration='15' flowId='15668']

##teamcity[testStarted name='itCreatesPaymentRecordBeforeProcessing' locationHint='php_qn://C:\Users\Gaser\Desktop\COPRRA\tests\Feature\Services\PaymentServiceTest.php::\Tests\Feature\Services\PaymentServiceTest::itCreatesPaymentRecordBeforeProcessing' flowId='15668']

##teamcity[testFinished name='itCreatesPaymentRecordBeforeProcessing' duration='111' flowId='15668']

##teamcity[testStarted name='itHandlesStripeRefundFailure' locationHint='php_qn://C:\Users\Gaser\Desktop\COPRRA\tests\Feature\Services\PaymentServiceTest.php::\Tests\Feature\Services\PaymentServiceTest::itHandlesStripeRefundFailure' flowId='15668']

##teamcity[testFinished name='itHandlesStripeRefundFailure' duration='50' flowId='15668']

##teamcity[testStarted name='itRefundsPartialAmountForStripePayment' locationHint='php_qn://C:\Users\Gaser\Desktop\COPRRA\tests\Feature\Services\PaymentServiceTest.php::\Tests\Feature\Services\PaymentServiceTest::itRefundsPartialAmountForStripePayment' flowId='15668']

##teamcity[testFinished name='itRefundsPartialAmountForStripePayment' duration='17' flowId='15668']

##teamcity[testStarted name='itHandlesMissingPaymentMethodIdInStripeData' locationHint='php_qn://C:\Users\Gaser\Desktop\COPRRA\tests\Feature\Services\PaymentServiceTest.php::\Tests\Feature\Services\PaymentServiceTest::itHandlesMissingPaymentMethodIdInStripeData' flowId='15668']

##teamcity[testFinished name='itHandlesMissingPaymentMethodIdInStripeData' duration='17' flowId='15668']

##teamcity[testStarted name='itGeneratesUniqueTransactionIds' locationHint='php_qn://C:\Users\Gaser\Desktop\COPRRA\tests\Feature\Services\PaymentServiceTest.php::\Tests\Feature\Services\PaymentServiceTest::itGeneratesUniqueTransactionIds' flowId='15668']

##teamcity[testFinished name='itGeneratesUniqueTransactionIds' duration='179' flowId='15668']

##teamcity[testStarted name='itHandlesNonExistentPaymentMethod' locationHint='php_qn://C:\Users\Gaser\Desktop\COPRRA\tests\Feature\Services\PaymentServiceTest.php::\Tests\Feature\Services\PaymentServiceTest::itHandlesNonExistentPaymentMethod' flowId='15668']

##teamcity[testFinished name='itHandlesNonExistentPaymentMethod' duration='97' flowId='15668']

##teamcity[testStarted name='itThrowsExceptionForUnsupportedGateway' locationHint='php_qn://C:\Users\Gaser\Desktop\COPRRA\tests\Feature\Services\PaymentServiceTest.php::\Tests\Feature\Services\PaymentServiceTest::itThrowsExceptionForUnsupportedGateway' flowId='15668']

##teamcity[testFinished name='itThrowsExceptionForUnsupportedGateway' duration='61' flowId='15668']

##teamcity[testStarted name='itProcessesStripePaymentSuccessfully' locationHint='php_qn://C:\Users\Gaser\Desktop\COPRRA\tests\Feature\Services\PaymentServiceTest.php::\Tests\Feature\Services\PaymentServiceTest::itProcessesStripePaymentSuccessfully' flowId='15668']

##teamcity[testFailed name='itProcessesStripePaymentSuccessfully' message='Failed asserting that |'100.00|' is identical to 100.0.' details='C:\Users\Gaser\Desktop\COPRRA\tests\Feature\Services\PaymentServiceTest.php:112|n' duration='11' flowId='15668']

##teamcity[testFinished name='itProcessesStripePaymentSuccessfully' duration='29' flowId='15668']

##teamcity[testStarted name='itProcessesPayPalPaymentSuccessfully' locationHint='php_qn://C:\Users\Gaser\Desktop\COPRRA\tests\Feature\Services\PaymentServiceTest.php::\Tests\Feature\Services\PaymentServiceTest::itProcessesPayPalPaymentSuccessfully' flowId='15668']

##teamcity[testFailed name='itProcessesPayPalPaymentSuccessfully' message='Failed asserting that |'75.50|' is identical to 75.5.' details='C:\Users\Gaser\Desktop\COPRRA\tests\Feature\Services\PaymentServiceTest.php:170|n' duration='9' flowId='15668']

##teamcity[testFinished name='itProcessesPayPalPaymentSuccessfully' duration='19' flowId='15668']

##teamcity[testSuiteFinished name='Tests\Feature\Services\PaymentServiceTest' flowId='15668']

##teamcity[testSuiteStarted name='Tests\Feature\Http\Middleware\SetCacheHeadersTest' locationHint='php_qn://C:\Users\Gaser\Desktop\COPRRA\tests\Feature\Http\Middleware\SetCacheHeadersTest.php::\Tests\Feature\Http\Middleware\SetCacheHeadersTest' flowId='15668']

##teamcity[testStarted name='testSetCacheHeadersMiddlewareHandlesDifferentResponseCodes' locationHint='php_qn://C:\Users\Gaser\Desktop\COPRRA\tests\Feature\Http\Middleware\SetCacheHeadersTest.php::\Tests\Feature\Http\Middleware\SetCacheHeadersTest::testSetCacheHeadersMiddlewareHandlesDifferentResponseCodes' flowId='15668']

##teamcity[testFinished name='testSetCacheHeadersMiddlewareHandlesDifferentResponseCodes' duration='32' flowId='15668']

##teamcity[testStarted name='testSetCacheHeadersMiddlewareAddsCacheHeaders' locationHint='php_qn://C:\Users\Gaser\Desktop\COPRRA\tests\Feature\Http\Middleware\SetCacheHeadersTest.php::\Tests\Feature\Http\Middleware\SetCacheHeadersTest::testSetCacheHeadersMiddlewareAddsCacheHeaders' flowId='15668']

##teamcity[testFinished name='testSetCacheHeadersMiddlewareAddsCacheHeaders' duration='28' flowId='15668']

##teamcity[testStarted name='testSetCacheHeadersMiddlewareHandlesApiRequests' locationHint='php_qn://C:\Users\Gaser\Desktop\COPRRA\tests\Feature\Http\Middleware\SetCacheHeadersTest.php::\Tests\Feature\Http\Middleware\SetCacheHeadersTest::testSetCacheHeadersMiddlewareHandlesApiRequests' flowId='15668']

##teamcity[testFinished name='testSetCacheHeadersMiddlewareHandlesApiRequests' duration='24' flowId='15668']

##teamcity[testStarted name='testSetCacheHeadersMiddlewarePassesRequestSuccessfully' locationHint='php_qn://C:\Users\Gaser\Desktop\COPRRA\tests\Feature\Http\Middleware\SetCacheHeadersTest.php::\Tests\Feature\Http\Middleware\SetCacheHeadersTest::testSetCacheHeadersMiddlewarePassesRequestSuccessfully' flowId='15668']

##teamcity[testFinished name='testSetCacheHeadersMiddlewarePassesRequestSuccessfully' duration='21' flowId='15668']

##teamcity[testStarted name='testSetCacheHeadersMiddlewareHandlesPostRequests' locationHint='php_qn://C:\Users\Gaser\Desktop\COPRRA\tests\Feature\Http\Middleware\SetCacheHeadersTest.php::\Tests\Feature\Http\Middleware\SetCacheHeadersTest::testSetCacheHeadersMiddlewareHandlesPostRequests' flowId='15668']

##teamcity[testFinished name='testSetCacheHeadersMiddlewareHandlesPostRequests' duration='22' flowId='15668']

##teamcity[testSuiteFinished name='Tests\Feature\Http\Middleware\SetCacheHeadersTest' flowId='15668']

##teamcity[testSuiteStarted name='Tests\Feature\Services\PasswordResetServiceTest' locationHint='php_qn://C:\Users\Gaser\Desktop\COPRRA\tests\Feature\Services\PasswordResetServiceTest.php::\Tests\Feature\Services\PasswordResetServiceTest' flowId='15668']

##teamcity[testFailed name='testHandlesResetPasswordWithInvalidToken' message='Mocked method |'validateToken|' does not exist on App\Services\PasswordResetService. This mock will fail at runtime.|nFailed asserting that false is true.' details='C:\Users\Gaser\Desktop\COPRRA\tests\Support\MockValidationTrait.php:17|nC:\Users\Gaser\Desktop\COPRRA\tests\Support\MockValidationTrait.php:98|nC:\Users\Gaser\Desktop\COPRRA\tests\Feature\Services\PasswordResetServiceTest.php:32|n' duration='0' flowId='15668']
