{"numTotalTestSuites":17,"numPassedTestSuites":17,"numFailedTestSuites":0,"numPendingTestSuites":0,"numTotalTests":28,"numPassedTests":28,"numFailedTests":0,"numPendingTests":0,"numTodoTests":0,"snapshot":{"added":0,"failure":false,"filesAdded":0,"filesRemoved":0,"filesRemovedList":[],"filesUnmatched":0,"filesUpdated":0,"matched":0,"total":0,"unchecked":0,"uncheckedKeysByFile":[],"unmatched":0,"updated":0,"didUpdate":false},"startTime":1761683767559,"success":true,"testResults":[{"assertionResults":[{"ancestorTitles":["COPRRA Application","Basic functionality"],"fullName":"COPRRA Application Basic functionality should have a working test environment","status":"passed","title":"should have a working test environment","duration":14.90350000000035,"failureMessages":[],"meta":{}},{"ancestorTitles":["COPRRA Application","Basic functionality"],"fullName":"COPRRA Application Basic functionality should be able to create DOM elements","status":"passed","title":"should be able to create DOM elements","duration":2.555399999997462,"failureMessages":[],"meta":{}},{"ancestorTitles":["COPRRA Application","Basic functionality"],"fullName":"COPRRA Application Basic functionality should handle basic JavaScript operations","status":"passed","title":"should handle basic JavaScript operations","duration":1.6419999999998254,"failureMessages":[],"meta":{}},{"ancestorTitles":["COPRRA Application","Application structure"],"fullName":"COPRRA Application Application structure should be able to simulate app initialization","status":"passed","title":"should be able to simulate app initialization","duration":2.620100000000093,"failureMessages":[],"meta":{}},{"ancestorTitles":["COPRRA Application","Application structure"],"fullName":"COPRRA Application Application structure should handle error scenarios gracefully","status":"passed","title":"should handle error scenarios gracefully","duration":1.7282999999988533,"failureMessages":[],"meta":{}},{"ancestorTitles":["COPRRA Application","Utility functions"],"fullName":"COPRRA Application Utility functions should validate basic utility operations","status":"passed","title":"should validate basic utility operations","duration":2.7813999999998487,"failureMessages":[],"meta":{}}],"startTime":1761683783524,"endTime":1761683783551.7815,"status":"passed","message":"","name":"C:/Users/Gaser/Desktop/COPRRA/resources/js/tests/app.test.js"},{"assertionResults":[{"ancestorTitles":["Bootstrap Configuration","Axios Configuration"],"fullName":"Bootstrap Configuration Axios Configuration should set axios as global variable","status":"passed","title":"should set axios as global variable","duration":3.2453999999997905,"failureMessages":[],"meta":{}},{"ancestorTitles":["Bootstrap Configuration","Axios Configuration"],"fullName":"Bootstrap Configuration Axios Configuration should configure X-Requested-With header","status":"passed","title":"should configure X-Requested-With header","duration":0.8714000000036322,"failureMessages":[],"meta":{}},{"ancestorTitles":["Bootstrap Configuration","Axios Configuration"],"fullName":"Bootstrap Configuration Axios Configuration should maintain axios defaults structure","status":"passed","title":"should maintain axios defaults structure","duration":1.010600000001432,"failureMessages":[],"meta":{}},{"ancestorTitles":["Bootstrap Configuration","Axios Configuration"],"fullName":"Bootstrap Configuration Axios Configuration should not override existing axios configuration","status":"passed","title":"should not override existing axios configuration","duration":0.6238000000012107,"failureMessages":[],"meta":{}},{"ancestorTitles":["Bootstrap Configuration","Module Loading"],"fullName":"Bootstrap Configuration Module Loading should configure axios successfully","status":"passed","title":"should configure axios successfully","duration":0.5728999999992084,"failureMessages":[],"meta":{}},{"ancestorTitles":["Bootstrap Configuration","Module Loading"],"fullName":"Bootstrap Configuration Module Loading should handle multiple configurations","status":"passed","title":"should handle multiple configurations","duration":0.9809999999997672,"failureMessages":[],"meta":{}}],"startTime":1761683816237,"endTime":1761683816244.981,"status":"passed","message":"","name":"C:/Users/Gaser/Desktop/COPRRA/resources/js/tests/bootstrap.test.js"},{"assertionResults":[{"ancestorTitles":["Error Tracker","trackError"],"fullName":"Error Tracker trackError should log error to console with default context","status":"passed","title":"should log error to console with default context","duration":7.504399999997986,"failureMessages":[],"meta":{}},{"ancestorTitles":["Error Tracker","trackError"],"fullName":"Error Tracker trackError should log error to console with custom context","status":"passed","title":"should log error to console with custom context","duration":0.7414999999964493,"failureMessages":[],"meta":{}},{"ancestorTitles":["Error Tracker","trackError"],"fullName":"Error Tracker trackError should handle string errors","status":"passed","title":"should handle string errors","duration":0.4573999999993248,"failureMessages":[],"meta":{}},{"ancestorTitles":["Error Tracker","trackError"],"fullName":"Error Tracker trackError should handle undefined error","status":"passed","title":"should handle undefined error","duration":0.6017000000065309,"failureMessages":[],"meta":{}},{"ancestorTitles":["Error Tracker","trackError"],"fullName":"Error Tracker trackError should handle complex context objects","status":"passed","title":"should handle complex context objects","duration":0.5181000000011409,"failureMessages":[],"meta":{}},{"ancestorTitles":["Error Tracker","trackError"],"fullName":"Error Tracker trackError should be called exactly once per invocation","status":"passed","title":"should be called exactly once per invocation","duration":0.44729999999981374,"failureMessages":[],"meta":{}}],"startTime":1761683808296,"endTime":1761683808306.4473,"status":"passed","message":"","name":"C:/Users/Gaser/Desktop/COPRRA/resources/js/tests/error-tracker.test.js"},{"assertionResults":[{"ancestorTitles":["Image Effects Module Loading"],"fullName":"Image Effects Module Loading should add DOMContentLoaded listener when module is loaded with loading document","status":"passed","title":"should add DOMContentLoaded listener when module is loaded with loading document","duration":2889.123200000002,"failureMessages":[],"meta":{}},{"ancestorTitles":["Image Effects Module Loading"],"fullName":"Image Effects Module Loading should call initImageEffects immediately when document is ready on module load","status":"passed","title":"should call initImageEffects immediately when document is ready on module load","duration":2.5116000000052736,"failureMessages":[],"meta":{}}],"startTime":1761683801643,"endTime":1761683804535.5117,"status":"passed","message":"","name":"C:/Users/Gaser/Desktop/COPRRA/resources/js/tests/image-effects-module.test.js"},{"assertionResults":[{"ancestorTitles":["Image Effects","initImageEffects"],"fullName":"Image Effects initImageEffects should handle undefined document gracefully","status":"passed","title":"should handle undefined document gracefully","duration":3.883299999997689,"failureMessages":[],"meta":{}},{"ancestorTitles":["Image Effects","initImageEffects"],"fullName":"Image Effects initImageEffects should apply fade-in effects to images with data-image-effect attribute","status":"passed","title":"should apply fade-in effects to images with data-image-effect attribute","duration":4.577000000001135,"failureMessages":[],"meta":{}},{"ancestorTitles":["Image Effects","initImageEffects"],"fullName":"Image Effects initImageEffects should handle errors gracefully when applying effects","status":"passed","title":"should handle errors gracefully when applying effects","duration":0.6310999999986961,"failureMessages":[],"meta":{}},{"ancestorTitles":["Image Effects","initImageEffects"],"fullName":"Image Effects initImageEffects should trigger opacity change on image load","status":"passed","title":"should trigger opacity change on image load","duration":0.49539999999979045,"failureMessages":[],"meta":{}},{"ancestorTitles":["Image Effects","initImageEffects"],"fullName":"Image Effects initImageEffects should add DOMContentLoaded listener when document is loading","status":"passed","title":"should add DOMContentLoaded listener when document is loading","duration":1.3232000000025437,"failureMessages":[],"meta":{}},{"ancestorTitles":["Image Effects","initImageEffects"],"fullName":"Image Effects initImageEffects should call initImageEffects immediately when document is ready","status":"passed","title":"should call initImageEffects immediately when document is ready","duration":0.9991999999983818,"failureMessages":[],"meta":{}},{"ancestorTitles":["Image Effects","initImageEffects"],"fullName":"Image Effects initImageEffects should not execute when window is undefined","status":"passed","title":"should not execute when window is undefined","duration":0.5205999999998312,"failureMessages":[],"meta":{}},{"ancestorTitles":["Image Effects","initImageEffects"],"fullName":"Image Effects initImageEffects should add event listener to globalThis when document is loading","status":"passed","title":"should add event listener to globalThis when document is loading","duration":0.5684000000001106,"failureMessages":[],"meta":{}}],"startTime":1761683788638,"endTime":1761683788652.5684,"status":"passed","message":"","name":"C:/Users/Gaser/Desktop/COPRRA/resources/js/tests/image-effects.test.js"}]}