{"C:\\Users\\Gaser\\Desktop\\COPRRA\\resources\\js\\app.js": {"path":"C:\\Users\\Gaser\\Desktop\\COPRRA\\resources\\js\\app.js","statementMap":{"0":{"start":{"line":5,"column":0},"end":{"line":5,"column":null}}},"fnMap":{},"branchMap":{},"s":{"0":0},"f":{},"b":{},"meta":{"lastBranch":0,"lastFunction":0,"lastStatement":1,"seen":{"s:5:0:5:Infinity":0}}}
,"C:\\Users\\Gaser\\Desktop\\COPRRA\\resources\\js\\bootstrap.js": {"path":"C:\\Users\\Gaser\\Desktop\\COPRRA\\resources\\js\\bootstrap.js","statementMap":{"0":{"start":{"line":8,"column":0},"end":{"line":8,"column":null}},"1":{"start":{"line":10,"column":0},"end":{"line":10,"column":null}}},"fnMap":{},"branchMap":{},"s":{"0":0,"1":0},"f":{},"b":{},"meta":{"lastBranch":0,"lastFunction":0,"lastStatement":2,"seen":{"s:8:0:8:Infinity":0,"s:10:0:10:Infinity":1}}}
,"C:\\Users\\Gaser\\Desktop\\COPRRA\\resources\\js\\animations\\image-effects.js": {"path":"C:\\Users\\Gaser\\Desktop\\COPRRA\\resources\\js\\animations\\image-effects.js","statementMap":{"0":{"start":{"line":6,"column":2},"end":{"line":8,"column":null}},"1":{"start":{"line":7,"column":4},"end":{"line":7,"column":null}},"2":{"start":{"line":10,"column":18},"end":{"line":10,"column":66}},"3":{"start":{"line":11,"column":2},"end":{"line":29,"column":null}},"4":{"start":{"line":12,"column":4},"end":{"line":28,"column":null}},"5":{"start":{"line":13,"column":6},"end":{"line":13,"column":null}},"6":{"start":{"line":14,"column":6},"end":{"line":25,"column":null}},"7":{"start":{"line":15,"column":8},"end":{"line":15,"column":null}},"8":{"start":{"line":17,"column":8},"end":{"line":17,"column":null}},"9":{"start":{"line":18,"column":8},"end":{"line":24,"column":null}},"10":{"start":{"line":21,"column":12},"end":{"line":21,"column":null}},"11":{"start":{"line":32,"column":0},"end":{"line":38,"column":null}},"12":{"start":{"line":33,"column":2},"end":{"line":37,"column":null}},"13":{"start":{"line":34,"column":4},"end":{"line":34,"column":null}},"14":{"start":{"line":36,"column":4},"end":{"line":36,"column":null}}},"fnMap":{"0":{"name":"initImageEffects","decl":{"start":{"line":5,"column":9},"end":{"line":5,"column":25}},"loc":{"start":{"line":5,"column":28},"end":{"line":30,"column":null}},"line":5},"1":{"name":"(anonymous_1)","decl":{"start":{"line":20,"column":10},"end":{"line":20,"column":11}},"loc":{"start":{"line":20,"column":16},"end":{"line":22,"column":11}},"line":20}},"branchMap":{"0":{"loc":{"start":{"line":6,"column":2},"end":{"line":8,"column":null}},"type":"if","locations":[{"start":{"line":6,"column":2},"end":{"line":8,"column":null}},{"start":{},"end":{}}],"line":6},"1":{"loc":{"start":{"line":14,"column":6},"end":{"line":25,"column":null}},"type":"if","locations":[{"start":{"line":14,"column":6},"end":{"line":25,"column":null}},{"start":{"line":16,"column":13},"end":{"line":25,"column":null}}],"line":14},"2":{"loc":{"start":{"line":32,"column":0},"end":{"line":38,"column":null}},"type":"if","locations":[{"start":{"line":32,"column":0},"end":{"line":38,"column":null}},{"start":{},"end":{}}],"line":32},"3":{"loc":{"start":{"line":33,"column":2},"end":{"line":37,"column":null}},"type":"if","locations":[{"start":{"line":33,"column":2},"end":{"line":37,"column":null}},{"start":{"line":35,"column":9},"end":{"line":37,"column":null}}],"line":33}},"s":{"0":5,"1":1,"2":4,"3":4,"4":4,"5":4,"6":4,"7":1,"8":2,"9":2,"10":1,"11":2,"12":2,"13":1,"14":1},"f":{"0":5,"1":1},"b":{"0":[1,4],"1":[1,2],"2":[2,0],"3":[1,1]},"meta":{"lastBranch":4,"lastFunction":2,"lastStatement":15,"seen":{"f:5:9:5:25":0,"b:6:2:8:Infinity:undefined:undefined:undefined:undefined":0,"s:6:2:8:Infinity":0,"s:7:4:7:Infinity":1,"s:10:18:10:66":2,"s:11:2:29:Infinity":3,"s:12:4:28:Infinity":4,"s:13:6:13:Infinity":5,"b:14:6:25:Infinity:16:13:25:Infinity":1,"s:14:6:25:Infinity":6,"s:15:8:15:Infinity":7,"s:17:8:17:Infinity":8,"s:18:8:24:Infinity":9,"f:20:10:20:11":1,"s:21:12:21:Infinity":10,"b:32:0:38:Infinity:undefined:undefined:undefined:undefined":2,"s:32:0:38:Infinity":11,"b:33:2:37:Infinity:35:9:37:Infinity":3,"s:33:2:37:Infinity":12,"s:34:4:34:Infinity":13,"s:36:4:36:Infinity":14}}}
,"C:\\Users\\Gaser\\Desktop\\COPRRA\\resources\\js\\state\\Store.js": {"path":"C:\\Users\\Gaser\\Desktop\\COPRRA\\resources\\js\\state\\Store.js","statementMap":{"0":{"start":{"line":2,"column":21},"end":{"line":16,"column":1}},"1":{"start":{"line":5,"column":4},"end":{"line":5,"column":null}},"2":{"start":{"line":8,"column":4},"end":{"line":8,"column":null}},"3":{"start":{"line":11,"column":4},"end":{"line":11,"column":null}},"4":{"start":{"line":14,"column":4},"end":{"line":14,"column":null}}},"fnMap":{"0":{"name":"(anonymous_0)","decl":{"start":{"line":4,"column":2},"end":{"line":4,"column":5}},"loc":{"start":{"line":4,"column":18},"end":{"line":6,"column":3}},"line":4},"1":{"name":"(anonymous_1)","decl":{"start":{"line":7,"column":2},"end":{"line":7,"column":5}},"loc":{"start":{"line":7,"column":11},"end":{"line":9,"column":3}},"line":7},"2":{"name":"(anonymous_2)","decl":{"start":{"line":10,"column":2},"end":{"line":10,"column":5}},"loc":{"start":{"line":10,"column":11},"end":{"line":12,"column":3}},"line":10},"3":{"name":"(anonymous_3)","decl":{"start":{"line":13,"column":2},"end":{"line":13,"column":8}},"loc":{"start":{"line":13,"column":14},"end":{"line":15,"column":3}},"line":13}},"branchMap":{},"s":{"0":0,"1":0,"2":0,"3":0,"4":0},"f":{"0":0,"1":0,"2":0,"3":0},"b":{},"meta":{"lastBranch":0,"lastFunction":4,"lastStatement":5,"seen":{"s:2:21:16:1":0,"f:4:2:4:5":0,"s:5:4:5:Infinity":1,"f:7:2:7:5":1,"s:8:4:8:Infinity":2,"f:10:2:10:5":2,"s:11:4:11:Infinity":3,"f:13:2:13:8":3,"s:14:4:14:Infinity":4}}}
,"C:\\Users\\Gaser\\Desktop\\COPRRA\\resources\\js\\utils\\error-tracker.js": {"path":"C:\\Users\\Gaser\\Desktop\\COPRRA\\resources\\js\\utils\\error-tracker.js","statementMap":{"0":{"start":{"line":5,"column":2},"end":{"line":5,"column":null}}},"fnMap":{"0":{"name":"trackError","decl":{"start":{"line":2,"column":16},"end":{"line":2,"column":26}},"loc":{"start":{"line":2,"column":48},"end":{"line":6,"column":null}},"line":2}},"branchMap":{"0":{"loc":{"start":{"line":2,"column":34},"end":{"line":2,"column":46}},"type":"default-arg","locations":[{"start":{"line":2,"column":44},"end":{"line":2,"column":46}}],"line":2}},"s":{"0":7},"f":{"0":7},"b":{"0":[7]},"meta":{"lastBranch":1,"lastFunction":1,"lastStatement":1,"seen":{"f:2:16:2:26":0,"b:2:44:2:46":0,"s:5:2:5:Infinity":0}}}
}
