TN:
SF:resources\js\app.js
FNF:0
FNH:0
DA:5,0
LF:1
LH:0
BRF:0
BRH:0
end_of_record
TN:
SF:resources\js\bootstrap.js
FNF:0
FNH:0
DA:8,0
DA:10,0
LF:2
LH:0
BRF:0
BRH:0
end_of_record
TN:
SF:resources\js\animations\image-effects.js
FN:5,initImageEffects
FN:20,(anonymous_1)
FNF:2
FNH:2
FNDA:5,initImageEffects
FNDA:1,(anonymous_1)
DA:6,5
DA:7,1
DA:10,4
DA:11,4
DA:12,4
DA:13,4
DA:14,4
DA:15,1
DA:17,2
DA:18,2
DA:21,1
DA:32,2
DA:33,2
DA:34,1
DA:36,1
LF:15
LH:15
BRDA:6,0,0,1
BRDA:6,0,1,4
BRDA:14,1,0,1
BRDA:14,1,1,2
BRDA:32,2,0,2
BRDA:32,2,1,0
BRDA:33,3,0,1
BRDA:33,3,1,1
BRF:8
BRH:7
end_of_record
TN:
SF:resources\js\state\Store.js
FN:4,(anonymous_0)
FN:7,(anonymous_1)
FN:10,(anonymous_2)
FN:13,(anonymous_3)
FNF:4
FNH:0
FNDA:0,(anonymous_0)
FNDA:0,(anonymous_1)
FNDA:0,(anonymous_2)
FNDA:0,(anonymous_3)
DA:2,0
DA:5,0
DA:8,0
DA:11,0
DA:14,0
LF:5
LH:0
BRF:0
BRH:0
end_of_record
TN:
SF:resources\js\utils\error-tracker.js
FN:2,trackError
FNF:1
FNH:1
FNDA:7,trackError
DA:5,7
LF:1
LH:1
BRDA:2,0,0,7
BRF:1
BRH:1
end_of_record
